\\VMWARE-HOST\SHARED FOLDERS\ECOLE\SESSION 3\AUTOMNE\APPLICATION II\WATER-SAND-BOX\DEBUG\INTROGL.EXE
\\vmware-host\Shared Folders\Ecole\Session 3\Automne\Application II\Water-Sand-Box\Debug\IntroGL.ilk
\\VMWARE-HOST\SHARED FOLDERS\ECOLE\SESSION 3\AUTOMNE\APPLICATION II\WATER-SAND-BOX\DEBUG\INTROGL.PDB
\\VMWARE-HOST\SHARED FOLDERS\ECOLE\SESSION 3\AUTOMNE\APPLICATION II\WATER-SAND-BOX\INTROGL\DEBUG\CAMERA.OBJ
\\vmware-host\Shared Folders\Ecole\Session 3\Automne\Application II\Water-Sand-Box\IntroGL\Debug\cl.command.1.tlog
\\vmware-host\Shared Folders\Ecole\Session 3\Automne\Application II\Water-Sand-Box\IntroGL\Debug\CL.read.1.tlog
\\vmware-host\Shared Folders\Ecole\Session 3\Automne\Application II\Water-Sand-Box\IntroGL\Debug\CL.write.1.tlog
\\VMWARE-HOST\SHARED FOLDERS\ECOLE\SESSION 3\AUTOMNE\APPLICATION II\WATER-SAND-BOX\INTROGL\DEBUG\FIELD_2D.OBJ
\\VMWARE-HOST\SHARED FOLDERS\ECOLE\SESSION 3\AUTOMNE\APPLICATION II\WATER-SAND-BOX\INTROGL\DEBUG\FIELD_3D.OBJ
\\VMWARE-HOST\SHARED FOLDERS\ECOLE\SESSION 3\AUTOMNE\APPLICATION II\WATER-SAND-BOX\INTROGL\DEBUG\GLAPP.OBJ
\\VMWARE-HOST\SHARED FOLDERS\ECOLE\SESSION 3\AUTOMNE\APPLICATION II\WATER-SAND-BOX\INTROGL\DEBUG\GLFONT.OBJ
\\VMWARE-HOST\SHARED FOLDERS\ECOLE\SESSION 3\AUTOMNE\APPLICATION II\WATER-SAND-BOX\INTROGL\DEBUG\GLMESH.OBJ
\\VMWARE-HOST\SHARED FOLDERS\ECOLE\SESSION 3\AUTOMNE\APPLICATION II\WATER-SAND-BOX\INTROGL\DEBUG\GLUTILS.OBJ
\\VMWARE-HOST\SHARED FOLDERS\ECOLE\SESSION 3\AUTOMNE\APPLICATION II\WATER-SAND-BOX\INTROGL\DEBUG\GLVU.OBJ
\\VMWARE-HOST\SHARED FOLDERS\ECOLE\SESSION 3\AUTOMNE\APPLICATION II\WATER-SAND-BOX\INTROGL\DEBUG\HW1.OBJ
\\vmware-host\Shared Folders\Ecole\Session 3\Automne\Application II\Water-Sand-Box\IntroGL\Debug\IntroGL.exe.embed.manifest
\\vmware-host\Shared Folders\Ecole\Session 3\Automne\Application II\Water-Sand-Box\IntroGL\Debug\IntroGL.exe.embed.manifest.res
\\VMWARE-HOST\SHARED FOLDERS\ECOLE\SESSION 3\AUTOMNE\APPLICATION II\WATER-SAND-BOX\INTROGL\DEBUG\INTROGL.EXE.INTERMEDIATE.MANIFEST
\\VMWARE-HOST\SHARED FOLDERS\ECOLE\SESSION 3\AUTOMNE\APPLICATION II\WATER-SAND-BOX\INTROGL\DEBUG\INTROGL.OBJ
\\VMWARE-HOST\SHARED FOLDERS\ECOLE\SESSION 3\AUTOMNE\APPLICATION II\WATER-SAND-BOX\INTROGL\DEBUG\INTROGL.PCH
\\vmware-host\Shared Folders\Ecole\Session 3\Automne\Application II\Water-Sand-Box\IntroGL\Debug\IntroGL.res
\\vmware-host\Shared Folders\Ecole\Session 3\Automne\Application II\Water-Sand-Box\IntroGL\Debug\IntroGL_manifest.rc
\\vmware-host\Shared Folders\Ecole\Session 3\Automne\Application II\Water-Sand-Box\IntroGL\Debug\link.2256.read.1.tlog
\\vmware-host\Shared Folders\Ecole\Session 3\Automne\Application II\Water-Sand-Box\IntroGL\Debug\link.2256.write.1.tlog
\\vmware-host\Shared Folders\Ecole\Session 3\Automne\Application II\Water-Sand-Box\IntroGL\Debug\link.2256-cvtres.read.1.tlog
\\vmware-host\Shared Folders\Ecole\Session 3\Automne\Application II\Water-Sand-Box\IntroGL\Debug\link.2256-cvtres.write.1.tlog
\\vmware-host\Shared Folders\Ecole\Session 3\Automne\Application II\Water-Sand-Box\IntroGL\Debug\link.4048.read.1.tlog
\\vmware-host\Shared Folders\Ecole\Session 3\Automne\Application II\Water-Sand-Box\IntroGL\Debug\link.4048.write.1.tlog
\\vmware-host\Shared Folders\Ecole\Session 3\Automne\Application II\Water-Sand-Box\IntroGL\Debug\link.4048-cvtres.read.1.tlog
\\vmware-host\Shared Folders\Ecole\Session 3\Automne\Application II\Water-Sand-Box\IntroGL\Debug\link.4048-cvtres.write.1.tlog
\\vmware-host\Shared Folders\Ecole\Session 3\Automne\Application II\Water-Sand-Box\IntroGL\Debug\link.command.1.tlog
\\vmware-host\Shared Folders\Ecole\Session 3\Automne\Application II\Water-Sand-Box\IntroGL\Debug\link.read.1.tlog
\\vmware-host\Shared Folders\Ecole\Session 3\Automne\Application II\Water-Sand-Box\IntroGL\Debug\link.write.1.tlog
\\VMWARE-HOST\SHARED FOLDERS\ECOLE\SESSION 3\AUTOMNE\APPLICATION II\WATER-SAND-BOX\INTROGL\DEBUG\LIST.OBJ
\\vmware-host\Shared Folders\Ecole\Session 3\Automne\Application II\Water-Sand-Box\IntroGL\Debug\mt.command.1.tlog
\\vmware-host\Shared Folders\Ecole\Session 3\Automne\Application II\Water-Sand-Box\IntroGL\Debug\mt.read.1.tlog
\\vmware-host\Shared Folders\Ecole\Session 3\Automne\Application II\Water-Sand-Box\IntroGL\Debug\mt.write.1.tlog
\\VMWARE-HOST\SHARED FOLDERS\ECOLE\SESSION 3\AUTOMNE\APPLICATION II\WATER-SAND-BOX\INTROGL\DEBUG\OBJ_PARSER.OBJ
\\VMWARE-HOST\SHARED FOLDERS\ECOLE\SESSION 3\AUTOMNE\APPLICATION II\WATER-SAND-BOX\INTROGL\DEBUG\OBJLOADER.OBJ
\\VMWARE-HOST\SHARED FOLDERS\ECOLE\SESSION 3\AUTOMNE\APPLICATION II\WATER-SAND-BOX\INTROGL\DEBUG\PARTICLE.OBJ
\\VMWARE-HOST\SHARED FOLDERS\ECOLE\SESSION 3\AUTOMNE\APPLICATION II\WATER-SAND-BOX\INTROGL\DEBUG\PARTICLE_SYSTEM.OBJ
\\vmware-host\Shared Folders\Ecole\Session 3\Automne\Application II\Water-Sand-Box\IntroGL\Debug\rc.command.1.tlog
\\vmware-host\Shared Folders\Ecole\Session 3\Automne\Application II\Water-Sand-Box\IntroGL\Debug\rc.read.1.tlog
\\vmware-host\Shared Folders\Ecole\Session 3\Automne\Application II\Water-Sand-Box\IntroGL\Debug\rc.write.1.tlog
\\VMWARE-HOST\SHARED FOLDERS\ECOLE\SESSION 3\AUTOMNE\APPLICATION II\WATER-SAND-BOX\INTROGL\DEBUG\STDAFX.OBJ
\\VMWARE-HOST\SHARED FOLDERS\ECOLE\SESSION 3\AUTOMNE\APPLICATION II\WATER-SAND-BOX\INTROGL\DEBUG\STRING_EXTRA.OBJ
\\vmware-host\Shared Folders\Ecole\Session 3\Automne\Application II\Water-Sand-Box\IntroGL\Debug\vc100.idb
\\VMWARE-HOST\SHARED FOLDERS\ECOLE\SESSION 3\AUTOMNE\APPLICATION II\WATER-SAND-BOX\INTROGL\DEBUG\VC100.PDB
\\VMWARE-HOST\SHARED FOLDERS\ECOLE\SESSION 3\AUTOMNE\APPLICATION II\WATER-SAND-BOX\INTROGL\DEBUG\WALL.OBJ
