Build started 11/12/2013 3:30:16 PM.
Project "\\vmware-host\Shared Folders\Ecole\Session 3\Automne\Application II\Water-Sand-Box\IntroGL\IntroGL.vcxproj" on node 2 (rebuild target(s)).
_PrepareForClean:
  Deleting file "Debug\IntroGL.lastbuildstate".
InitializeBuildStatus:
  Touching "Debug\IntroGL.unsuccessfulbuild".
ClCompile:
  C:\Program Files (x86)\Microsoft Visual Studio 10.0\VC\bin\CL.exe /c /ZI /nologo /W3 /WX- /Od /Oy- /D WIN32 /D _DEBUG /D _WINDOWS /D GLEW_STATIC /D _UNICODE /D UNICODE /D GLUT_BUILDING_LIB /Gm /EHsc /RTC1 /MDd /GS /fp:precise /Zc:wchar_t /Zc:forScope /Yc"StdAfx.h" /Fp"Debug\IntroGL.pch" /Fo"Debug\\" /Fd"Debug\vc100.pdb" /Gd /TP /analyze- /errorReport:prompt stdafx.cpp
  stdafx.cpp
  C:\Program Files (x86)\Microsoft Visual Studio 10.0\VC\bin\CL.exe /c /ZI /nologo /W3 /WX- /Od /Oy- /D WIN32 /D _DEBUG /D _WINDOWS /D GLEW_STATIC /D _UNICODE /D UNICODE /D GLUT_BUILDING_LIB /Gm /EHsc /RTC1 /MDd /GS /fp:precise /Zc:wchar_t /Zc:forScope /Fo"Debug\\" /Fd"Debug\vc100.pdb" /Gd /TP /analyze- /errorReport:prompt "..\Water Simulation\FIELD_2D.cpp" "..\Water Simulation\FIELD_3D.cpp" "..\Water Simulation\glvu\glvu.cpp" "..\Water Simulation\HW1.cpp" "..\Water Simulation\PARTICLE.cpp" "..\Water Simulation\PARTICLE_SYSTEM.cpp" "..\Water Simulation\WALL.cpp"
  WALL.cpp
  PARTICLE_SYSTEM.cpp
\\vmware-host\shared folders\ecole\session 3\automne\application ii\water-sand-box\water simulation\particle_system.cpp(226): warning C4018: '<' : signed/unsigned mismatch
\\vmware-host\shared folders\ecole\session 3\automne\application ii\water-sand-box\water simulation\particle_system.cpp(227): warning C4018: '<' : signed/unsigned mismatch
\\vmware-host\shared folders\ecole\session 3\automne\application ii\water-sand-box\water simulation\particle_system.cpp(228): warning C4018: '<' : signed/unsigned mismatch
\\vmware-host\shared folders\ecole\session 3\automne\application ii\water-sand-box\water simulation\particle_system.cpp(234): warning C4018: '<' : signed/unsigned mismatch
\\vmware-host\shared folders\ecole\session 3\automne\application ii\water-sand-box\water simulation\particle_system.cpp(315): warning C4018: '<' : signed/unsigned mismatch
\\vmware-host\shared folders\ecole\session 3\automne\application ii\water-sand-box\water simulation\particle_system.cpp(369): warning C4018: '<' : signed/unsigned mismatch
\\vmware-host\shared folders\ecole\session 3\automne\application ii\water-sand-box\water simulation\particle_system.cpp(436): warning C4018: '<' : signed/unsigned mismatch
\\vmware-host\shared folders\ecole\session 3\automne\application ii\water-sand-box\water simulation\particle_system.cpp(458): warning C4018: '<' : signed/unsigned mismatch
\\vmware-host\shared folders\ecole\session 3\automne\application ii\water-sand-box\water simulation\particle_system.cpp(493): warning C4018: '<' : signed/unsigned mismatch
\\vmware-host\shared folders\ecole\session 3\automne\application ii\water-sand-box\water simulation\particle_system.cpp(523): warning C4018: '<' : signed/unsigned mismatch
\\vmware-host\shared folders\ecole\session 3\automne\application ii\water-sand-box\water simulation\particle_system.cpp(674): warning C4018: '<' : signed/unsigned mismatch
\\vmware-host\shared folders\ecole\session 3\automne\application ii\water-sand-box\water simulation\particle_system.cpp(684): warning C4018: '<' : signed/unsigned mismatch
\\vmware-host\shared folders\ecole\session 3\automne\application ii\water-sand-box\water simulation\particle_system.cpp(708): warning C4018: '<' : signed/unsigned mismatch
\\vmware-host\shared folders\ecole\session 3\automne\application ii\water-sand-box\water simulation\particle_system.cpp(723): warning C4018: '<' : signed/unsigned mismatch
  PARTICLE.cpp
  HW1.cpp
  glvu.cpp
\\vmware-host\shared folders\ecole\session 3\automne\application ii\water-sand-box\water simulation\glvu\glvu.h(28): fatal error C1083: Cannot open include file: 'GLUT/glut.h': No such file or directory
  FIELD_3D.cpp
  FIELD_2D.cpp
  Generating Code...
Done Building Project "\\vmware-host\Shared Folders\Ecole\Session 3\Automne\Application II\Water-Sand-Box\IntroGL\IntroGL.vcxproj" (rebuild target(s)) -- FAILED.

Build FAILED.

Time Elapsed 00:00:08.78
